<?xml version="1.0" encoding="UTF-8" ?>
<testsuite tests="10" failures="0" name="pt.ulisboa.tecnico.learnjava.bank.account.WithdrawMethodTest" time="0" errors="0" skipped="0">
  <properties>
    <property name="java.runtime.name" value="Java(TM) SE Runtime Environment"/>
    <property name="java.vm.version" value="13.0.1+9"/>
    <property name="sun.boot.library.path" value="C:\Program Files\Java\jdk-13.0.1\bin"/>
    <property name="user.country.format" value="PT"/>
    <property name="maven.multiModuleProjectDirectory" value="C:\Users\joaoporeis\Desktop\SISE VI\SE\Pratical\sise_project_part_0\sise-bank"/>
    <property name="java.vm.vendor" value="Oracle Corporation"/>
    <property name="java.vendor.url" value="https://java.oracle.com/"/>
    <property name="guice.disable.misplaced.annotation.check" value="true"/>
    <property name="path.separator" value=";"/>
    <property name="java.vm.name" value="Java HotSpot(TM) 64-Bit Server VM"/>
    <property name="sun.os.patch.level" value=""/>
    <property name="user.script" value=""/>
    <property name="user.country" value="US"/>
    <property name="sun.java.launcher" value="SUN_STANDARD"/>
    <property name="java.vm.specification.name" value="Java Virtual Machine Specification"/>
    <property name="user.dir" value="C:\Users\joaoporeis\Desktop\SISE VI\SE\Pratical\sise_project_part_0\sise-bank"/>
    <property name="java.vm.compressedOopsMode" value="Zero based"/>
    <property name="java.runtime.version" value="13.0.1+9"/>
    <property name="os.arch" value="amd64"/>
    <property name="java.io.tmpdir" value="C:\Users\JOAOPO~1\AppData\Local\Temp\"/>
    <property name="line.separator" value="
"/>
    <property name="java.vm.specification.vendor" value="Oracle Corporation"/>
    <property name="user.variant" value=""/>
    <property name="os.name" value="Windows 10"/>
    <property name="classworlds.conf" value="C:\Users\joaoporeis\eclipse-workspace\.metadata\.plugins\org.eclipse.m2e.launching\launches\m2conf2885413117260162172.tmp"/>
    <property name="sun.jnu.encoding" value="Cp1252"/>
    <property name="java.library.path" value="C:\Program Files\Java\jdk-13.0.1\bin;C:\WINDOWS\Sun\Java\bin;C:\WINDOWS\system32;C:\WINDOWS;C:/Program Files/Java/jdk-13.0.1/bin/server;C:/Program Files/Java/jdk-13.0.1/bin;C:\Python27\;C:\Python27\Scripts;C:\Program Files\Java\jdk-13.0.1\bin;C:\Program Files (x86)\Common Files\Oracle\Java\javapath;C:\WINDOWS\system32;C:\WINDOWS;C:\WINDOWS\System32\Wbem;C:\WINDOWS\System32\WindowsPowerShell\v1.0\;C:\WINDOWS\System32\OpenSSH\;C:\Program Files (x86)\Intel\Intel(R) Management Engine Components\DAL;C:\Program Files\Intel\Intel(R) Management Engine Components\DAL;C:\Program Files\CrashPlan\jre\bin\server\;C:\Program Files\CrashPlan\jre\bin\;C:\Program Files\Microsoft SQL Server\Client SDK\ODBC\130\Tools\Binn\;C:\Program Files (x86)\Microsoft SQL Server\140\Tools\Binn\;C:\Program Files\Microsoft SQL Server\140\Tools\Binn\;C:\Program Files\Microsoft SQL Server\140\DTS\Binn\;C:\Program Files (x86)\Microsoft SQL Server\150\DTS\Binn\;C:\Program Files\Git\cmd;C:\Program Files\nodejs\;C:\ProgramData\chocolatey\bin;C:\Users\joaoporeis\AppData\Local\Microsoft\WindowsApps;C:\Users\joaoporeis\AppData\Local\GitHubDesktop\bin;C:\Program Files\JetBrains\PyCharm Community Edition 2019.3.3\bin;;C:\Users\joaoporeis\AppData\Roaming\npm;C:\Users\joaoporeis\AppData\Local\Programs\Microsoft VS Code\bin;C:\Users\joaoporeis\Documents\eclipse;;."/>
    <property name="jdk.debug" value="release"/>
    <property name="java.class.version" value="57.0"/>
    <property name="java.specification.name" value="Java Platform API Specification"/>
    <property name="sun.management.compiler" value="HotSpot 64-Bit Tiered Compilers"/>
    <property name="os.version" value="10.0"/>
    <property name="user.home" value="C:\Users\joaoporeis"/>
    <property name="user.timezone" value="Europe/Lisbon"/>
    <property name="file.encoding" value="Cp1252"/>
    <property name="java.specification.version" value="13"/>
    <property name="user.name" value="joaoporeis"/>
    <property name="java.class.path" value="C:\Users\joaoporeis\Documents\eclipse\plugins\org.eclipse.m2e.maven.runtime_1.13.0.20190716-1623\jars\plexus-classworlds-2.6.0.jar"/>
    <property name="java.vm.specification.version" value="13"/>
    <property name="sun.arch.data.model" value="64"/>
    <property name="sun.java.command" value="org.codehaus.plexus.classworlds.launcher.Launcher -B install"/>
    <property name="java.home" value="C:\Program Files\Java\jdk-13.0.1"/>
    <property name="user.language" value="en"/>
    <property name="java.specification.vendor" value="Oracle Corporation"/>
    <property name="user.language.format" value="pt"/>
    <property name="java.vm.info" value="mixed mode, sharing"/>
    <property name="java.version" value="13.0.1"/>
    <property name="java.vendor" value="Oracle Corporation"/>
    <property name="maven.home" value="C:\Users\joaoporeis\Desktop\SISE VI\SE\Pratical\sise_project_part_0\sise-bank\EMBEDDED"/>
    <property name="file.separator" value="\"/>
    <property name="java.version.date" value="2019-10-15"/>
    <property name="java.vendor.url.bug" value="https://bugreport.java.com/bugreport/"/>
    <property name="sun.io.unicode.encoding" value="UnicodeLittle"/>
    <property name="sun.cpu.endian" value="little"/>
    <property name="sun.cpu.isalist" value="amd64"/>
  </properties>
  <testcase classname="pt.ulisboa.tecnico.learnjava.bank.account.WithdrawMethodTest" name="amountNotEqualToBalanceInSavingsAccount" time="0"/>
  <testcase classname="pt.ulisboa.tecnico.learnjava.bank.account.WithdrawMethodTest" name="successForSavingsAccount" time="0"/>
  <testcase classname="pt.ulisboa.tecnico.learnjava.bank.account.WithdrawMethodTest" name="negativeAmountForSavingsAccount" time="0"/>
  <testcase classname="pt.ulisboa.tecnico.learnjava.bank.account.WithdrawMethodTest" name="negativeAmountForSalaryAccount" time="0"/>
  <testcase classname="pt.ulisboa.tecnico.learnjava.bank.account.WithdrawMethodTest" name="notEnoughBalanceForCheckingAccount" time="0"/>
  <testcase classname="pt.ulisboa.tecnico.learnjava.bank.account.WithdrawMethodTest" name="noWithdrawForYoung" time="0"/>
  <testcase classname="pt.ulisboa.tecnico.learnjava.bank.account.WithdrawMethodTest" name="successForCheckingAccount" time="0"/>
  <testcase classname="pt.ulisboa.tecnico.learnjava.bank.account.WithdrawMethodTest" name="failNegativeBalanceForSalaryAccount" time="0"/>
  <testcase classname="pt.ulisboa.tecnico.learnjava.bank.account.WithdrawMethodTest" name="negativeAmountForCheckingAccount" time="0"/>
  <testcase classname="pt.ulisboa.tecnico.learnjava.bank.account.WithdrawMethodTest" name="successNegativeBalanceForSalaryAccount" time="0"/>
</testsuite>